<?xml version="1.0" encoding="UTF-8"?>
<testng-results ignored="0" total="1" passed="1" failed="0" skipped="0">
  <reporter-output>
  </reporter-output>
  <suite started-at="2025-05-19T13:09:38 IST" name="Default suite" finished-at="2025-05-19T13:10:01 IST" duration-ms="22824">
    <groups>
    </groups>
    <test started-at="2025-05-19T13:09:38 IST" name="Default test" finished-at="2025-05-19T13:10:01 IST" duration-ms="22824">
      <class name="test.ReceivedMessages">
        <test-method signature="loginToWhatsApp()[pri:0, instance:test.ReceivedMessages@40cb698e]" started-at="2025-05-19T13:09:38 IST" name="loginToWhatsApp" finished-at="2025-05-19T13:10:01 IST" duration-ms="22784" status="PASS">
          <reporter-output>
          </reporter-output>
        </test-method> <!-- loginToWhatsApp -->
      </class> <!-- test.ReceivedMessages -->
    </test> <!-- Default test -->
  </suite> <!-- Default suite -->
</testng-results>
