<?xml version="1.0" encoding="UTF-8"?>
<testng-results ignored="0" total="1" passed="1" failed="0" skipped="0">
  <reporter-output>
  </reporter-output>
  <suite started-at="2025-05-19T11:17:22 IST" name="Default suite" finished-at="2025-05-19T11:17:56 IST" duration-ms="33588">
    <groups>
    </groups>
    <test started-at="2025-05-19T11:17:22 IST" name="Default test" finished-at="2025-05-19T11:17:56 IST" duration-ms="33588">
      <class name="test.WhatsAppLogin">
        <test-method signature="loginToWhatsApp()[pri:0, instance:test.WhatsAppLogin@6aecbb8d]" started-at="2025-05-19T11:17:22 IST" name="loginToWhatsApp" finished-at="2025-05-19T11:17:56 IST" duration-ms="33557" status="PASS">
          <reporter-output>
          </reporter-output>
        </test-method> <!-- loginToWhatsApp -->
      </class> <!-- test.WhatsAppLogin -->
    </test> <!-- Default test -->
  </suite> <!-- Default suite -->
</testng-results>
